19:14:23,659 INFO  [org.jboss.modules] (main) JBoss Modules version 1.3.6.Final-redhat-1
19:14:24,539 INFO  [org.jboss.msc] (main) JBoss MSC version 1.1.5.Final-redhat-1
19:14:24,732 INFO  [org.jboss.as] (MSC service thread 1-2) JBAS015899: JBoss EAP 6.4.0.GA (AS 7.5.0.Final-redhat-21) starting
19:14:24,746 DEBUG [org.jboss.as.config] (MSC service thread 1-2) Configured system properties:
	[Server:server-one] = 
	awt.toolkit = sun.awt.X11.XToolkit
	com.sun.management.jmxremote.authenticate = false
	com.sun.management.jmxremote.ssl = false
	file.encoding = UTF-8
	file.encoding.pkg = sun.io
	file.separator = /
	java.awt.graphicsenv = sun.awt.X11GraphicsEnvironment
	java.awt.headless = true
	java.awt.printerjob = sun.print.PSPrinterJob
	java.class.path = /opt/app/jboss-eap-6.4/jboss-modules.jar
	java.class.version = 52.0
	java.endorsed.dirs = /usr/lib/jvm/java-1.8.0-openjdk-1.8.0.131-3.b12.el7_3.x86_64/jre/lib/endorsed
	java.ext.dirs = /usr/lib/jvm/java-1.8.0-openjdk-1.8.0.131-3.b12.el7_3.x86_64/jre/lib/ext:/usr/java/packages/lib/ext
	java.home = /usr/lib/jvm/java-1.8.0-openjdk-1.8.0.131-3.b12.el7_3.x86_64/jre
	java.io.tmpdir = /tmp
	java.library.path = /usr/java/packages/lib/amd64:/usr/lib64:/lib64:/lib:/usr/lib
	java.net.preferIPv4Stack = true
	java.runtime.name = OpenJDK Runtime Environment
	java.runtime.version = 1.8.0_131-b12
	java.specification.name = Java Platform API Specification
	java.specification.vendor = Oracle Corporation
	java.specification.version = 1.8
	java.util.logging.manager = org.jboss.logmanager.LogManager
	java.vendor = Oracle Corporation
	java.vendor.url = http://java.oracle.com/
	java.vendor.url.bug = http://bugreport.sun.com/bugreport/
	java.version = 1.8.0_131
	java.vm.info = mixed mode
	java.vm.name = OpenJDK 64-Bit Server VM
	java.vm.specification.name = Java Virtual Machine Specification
	java.vm.specification.vendor = Oracle Corporation
	java.vm.specification.version = 1.8
	java.vm.vendor = Oracle Corporation
	java.vm.version = 25.131-b12
	javax.management.builder.initial = org.jboss.as.jmx.PluggableMBeanServerBuilder
	javax.xml.datatype.DatatypeFactory = __redirected.__DatatypeFactory
	javax.xml.parsers.DocumentBuilderFactory = __redirected.__DocumentBuilderFactory
	javax.xml.parsers.SAXParserFactory = __redirected.__SAXParserFactory
	javax.xml.stream.XMLEventFactory = __redirected.__XMLEventFactory
	javax.xml.stream.XMLInputFactory = __redirected.__XMLInputFactory
	javax.xml.stream.XMLOutputFactory = __redirected.__XMLOutputFactory
	javax.xml.transform.TransformerFactory = __redirected.__TransformerFactory
	javax.xml.validation.SchemaFactory:http://www.w3.org/2001/XMLSchema = __redirected.__SchemaFactory
	javax.xml.xpath.XPathFactory:http://java.sun.com/jaxp/xpath/dom = __redirected.__XPathFactory
	jboss.domain.base.dir = /opt/app/jboss-eap-6.4/domain
	jboss.domain.config.dir = /opt/app/jboss-eap-6.4/domain/configuration
	jboss.home.dir = /opt/app/jboss-eap-6.4
	jboss.host.name = jboss
	jboss.modules.dir = /opt/app/jboss-eap-6.4/modules
	jboss.modules.policy-permissions = true
	jboss.modules.system.pkgs = org.jboss.byteman
	jboss.node.name = jbossdc:server-one
	jboss.qualified.host.name = jboss.dc.com
	jboss.server.base.dir = /opt/app/jboss-eap-6.4/domain/servers/server-one
	jboss.server.config.dir = /opt/app/jboss-eap-6.4/domain/servers/server-one/configuration
	jboss.server.data.dir = /opt/app/jboss-eap-6.4/domain/servers/server-one/data
	jboss.server.deploy.dir = /opt/app/jboss-eap-6.4/domain/servers/server-one/data/content
	jboss.server.log.dir = /opt/app/jboss-eap-6.4/domain/servers/server-one/log
	jboss.server.name = server-one
	jboss.server.persist.config = true
	jboss.server.temp.dir = /opt/app/jboss-eap-6.4/domain/servers/server-one/tmp
	line.separator = 

	logging.configuration = file:/opt/app/jboss-eap-6.4/domain/servers/server-one/data/logging.properties
	module.path = /opt/app/jboss-eap-6.4/modules
	org.jboss.resolver.warning = true
	org.xml.sax.driver = __redirected.__XMLReaderFactory
	os.arch = amd64
	os.name = Linux
	os.version = 3.10.0-514.21.2.el7.x86_64
	path.separator = :
	sun.arch.data.model = 64
	sun.boot.class.path = /usr/lib/jvm/java-1.8.0-openjdk-1.8.0.131-3.b12.el7_3.x86_64/jre/lib/resources.jar:/usr/lib/jvm/java-1.8.0-openjdk-1.8.0.131-3.b12.el7_3.x86_64/jre/lib/rt.jar:/usr/lib/jvm/java-1.8.0-openjdk-1.8.0.131-3.b12.el7_3.x86_64/jre/lib/sunrsasign.jar:/usr/lib/jvm/java-1.8.0-openjdk-1.8.0.131-3.b12.el7_3.x86_64/jre/lib/jsse.jar:/usr/lib/jvm/java-1.8.0-openjdk-1.8.0.131-3.b12.el7_3.x86_64/jre/lib/jce.jar:/usr/lib/jvm/java-1.8.0-openjdk-1.8.0.131-3.b12.el7_3.x86_64/jre/lib/charsets.jar:/usr/lib/jvm/java-1.8.0-openjdk-1.8.0.131-3.b12.el7_3.x86_64/jre/lib/jfr.jar:/usr/lib/jvm/java-1.8.0-openjdk-1.8.0.131-3.b12.el7_3.x86_64/jre/classes
	sun.boot.library.path = /usr/lib/jvm/java-1.8.0-openjdk-1.8.0.131-3.b12.el7_3.x86_64/jre/lib/amd64
	sun.cpu.endian = little
	sun.cpu.isalist = 
	sun.io.unicode.encoding = UnicodeLittle
	sun.java.command = /opt/app/jboss-eap-6.4/jboss-modules.jar -mp /opt/app/jboss-eap-6.4/modules -jaxpmodule javax.xml.jaxp-provider org.jboss.as.server
	sun.java.launcher = SUN_STANDARD
	sun.jnu.encoding = UTF-8
	sun.management.compiler = HotSpot 64-Bit Tiered Compilers
	sun.os.patch.level = unknown
	user.country = US
	user.dir = /opt/app/jboss-eap-6.4
	user.home = /root
	user.language = en
	user.name = root
	user.timezone = America/New_York
19:14:24,748 DEBUG [org.jboss.as.config] (MSC service thread 1-2) VM Arguments: -D[Server:server-one] -XX:PermSize=256m -XX:MaxPermSize=256m -Xms1000m -Xmx1000m -Dcom.sun.management.jmxremote.ssl=false -Djboss.modules.system.pkgs=org.jboss.byteman -Djava.awt.headless=true -Djava.net.preferIPv4Stack=true -Dcom.sun.management.jmxremote.authenticate=false -Djboss.home.dir=/opt/app/jboss-eap-6.4 -Djboss.modules.policy-permissions=true -Djboss.server.log.dir=/opt/app/jboss-eap-6.4/domain/servers/server-one/log -Djboss.server.temp.dir=/opt/app/jboss-eap-6.4/domain/servers/server-one/tmp -Djboss.server.data.dir=/opt/app/jboss-eap-6.4/domain/servers/server-one/data -Dlogging.configuration=file:/opt/app/jboss-eap-6.4/domain/servers/server-one/data/logging.properties 
19:14:24,925 INFO  [org.xnio] (MSC service thread 1-2) XNIO Version 3.0.13.GA-redhat-1
19:14:24,954 INFO  [org.xnio.nio] (MSC service thread 1-2) XNIO NIO Implementation Version 3.0.13.GA-redhat-1
19:14:25,014 INFO  [org.jboss.remoting] (MSC service thread 1-2) JBoss Remoting version 3.3.4.Final-redhat-1
19:14:31,711 INFO  [org.jboss.as.controller.management-deprecated] (ServerService Thread Pool -- 8) JBAS014627: Attribute default-stack is deprecated, and it might be removed in future version!
19:14:31,766 INFO  [org.jboss.as.controller.management-deprecated] (ServerService Thread Pool -- 23) JBAS014627: Attribute enabled is deprecated, and it might be removed in future version!
19:14:31,823 INFO  [org.jboss.as.controller.management-deprecated] (ServerService Thread Pool -- 8) JBAS014627: Attribute type is deprecated, and it might be removed in future version!
19:14:31,824 INFO  [org.jboss.as.controller.management-deprecated] (ServerService Thread Pool -- 8) JBAS014627: Attribute type is deprecated, and it might be removed in future version!
19:14:31,825 INFO  [org.jboss.as.controller.management-deprecated] (ServerService Thread Pool -- 8) JBAS014627: Attribute type is deprecated, and it might be removed in future version!
19:14:31,825 INFO  [org.jboss.as.controller.management-deprecated] (ServerService Thread Pool -- 8) JBAS014627: Attribute type is deprecated, and it might be removed in future version!
19:14:31,826 INFO  [org.jboss.as.controller.management-deprecated] (ServerService Thread Pool -- 8) JBAS014627: Attribute type is deprecated, and it might be removed in future version!
19:14:31,826 INFO  [org.jboss.as.controller.management-deprecated] (ServerService Thread Pool -- 8) JBAS014627: Attribute type is deprecated, and it might be removed in future version!
19:14:31,827 INFO  [org.jboss.as.controller.management-deprecated] (ServerService Thread Pool -- 8) JBAS014627: Attribute type is deprecated, and it might be removed in future version!
19:14:31,828 INFO  [org.jboss.as.controller.management-deprecated] (ServerService Thread Pool -- 8) JBAS014627: Attribute type is deprecated, and it might be removed in future version!
19:14:31,829 INFO  [org.jboss.as.controller.management-deprecated] (ServerService Thread Pool -- 8) JBAS014627: Attribute type is deprecated, and it might be removed in future version!
19:14:31,892 INFO  [org.jboss.as.controller.management-deprecated] (ServerService Thread Pool -- 8) JBAS014627: Attribute type is deprecated, and it might be removed in future version!
19:14:31,893 INFO  [org.jboss.as.controller.management-deprecated] (ServerService Thread Pool -- 8) JBAS014627: Attribute type is deprecated, and it might be removed in future version!
19:14:31,893 INFO  [org.jboss.as.controller.management-deprecated] (ServerService Thread Pool -- 8) JBAS014627: Attribute type is deprecated, and it might be removed in future version!
19:14:31,893 INFO  [org.jboss.as.controller.management-deprecated] (ServerService Thread Pool -- 8) JBAS014627: Attribute type is deprecated, and it might be removed in future version!
19:14:31,894 INFO  [org.jboss.as.controller.management-deprecated] (ServerService Thread Pool -- 8) JBAS014627: Attribute type is deprecated, and it might be removed in future version!
19:14:31,894 INFO  [org.jboss.as.controller.management-deprecated] (ServerService Thread Pool -- 8) JBAS014627: Attribute type is deprecated, and it might be removed in future version!
19:14:31,895 INFO  [org.jboss.as.controller.management-deprecated] (ServerService Thread Pool -- 8) JBAS014627: Attribute type is deprecated, and it might be removed in future version!
19:14:31,895 INFO  [org.jboss.as.controller.management-deprecated] (ServerService Thread Pool -- 8) JBAS014627: Attribute type is deprecated, and it might be removed in future version!
19:14:31,895 INFO  [org.jboss.as.controller.management-deprecated] (ServerService Thread Pool -- 8) JBAS014627: Attribute type is deprecated, and it might be removed in future version!
19:14:31,896 INFO  [org.jboss.as.controller.management-deprecated] (ServerService Thread Pool -- 8) JBAS014627: Attribute type is deprecated, and it might be removed in future version!
19:14:31,896 INFO  [org.jboss.as.controller.management-deprecated] (ServerService Thread Pool -- 8) JBAS014627: Attribute type is deprecated, and it might be removed in future version!
19:14:31,897 INFO  [org.jboss.as.controller.management-deprecated] (ServerService Thread Pool -- 8) JBAS014627: Attribute type is deprecated, and it might be removed in future version!
19:14:31,897 INFO  [org.jboss.as.controller.management-deprecated] (ServerService Thread Pool -- 8) JBAS014627: Attribute type is deprecated, and it might be removed in future version!
19:14:31,897 INFO  [org.jboss.as.controller.management-deprecated] (ServerService Thread Pool -- 8) JBAS014627: Attribute type is deprecated, and it might be removed in future version!
19:14:31,898 INFO  [org.jboss.as.controller.management-deprecated] (ServerService Thread Pool -- 8) JBAS014627: Attribute type is deprecated, and it might be removed in future version!
19:14:31,898 INFO  [org.jboss.as.controller.management-deprecated] (ServerService Thread Pool -- 8) JBAS014627: Attribute type is deprecated, and it might be removed in future version!
19:14:31,898 INFO  [org.jboss.as.controller.management-deprecated] (ServerService Thread Pool -- 8) JBAS014627: Attribute type is deprecated, and it might be removed in future version!
19:14:31,899 INFO  [org.jboss.as.controller.management-deprecated] (ServerService Thread Pool -- 8) JBAS014627: Attribute type is deprecated, and it might be removed in future version!
19:14:31,899 INFO  [org.jboss.as.controller.management-deprecated] (ServerService Thread Pool -- 8) JBAS014627: Attribute type is deprecated, and it might be removed in future version!
19:14:31,900 INFO  [org.jboss.as.controller.management-deprecated] (ServerService Thread Pool -- 8) JBAS014627: Attribute type is deprecated, and it might be removed in future version!
19:14:32,326 WARN  [org.jboss.as.txn] (ServerService Thread Pool -- 37) JBAS010153: Node identifier property is set to the default value. Please make sure it is unique.
19:14:33,190 INFO  [org.jboss.as.clustering.infinispan] (ServerService Thread Pool -- 58) JBAS010280: Activating Infinispan subsystem.
19:14:33,213 INFO  [org.jboss.as.naming] (ServerService Thread Pool -- 44) JBAS011800: Activating Naming Subsystem
19:14:33,162 INFO  [org.jboss.as.security] (ServerService Thread Pool -- 39) JBAS013371: Activating Security Subsystem
19:14:33,522 INFO  [org.jboss.as.connector.subsystems.datasources] (ServerService Thread Pool -- 61) JBAS010403: Deploying JDBC-compliant driver class org.h2.Driver (version 1.3)
19:14:33,546 INFO  [org.jboss.as.clustering.jgroups] (ServerService Thread Pool -- 52) JBAS010260: Activating JGroups subsystem.
19:14:33,561 INFO  [org.jboss.as.configadmin] (ServerService Thread Pool -- 62) JBAS016200: Activating ConfigAdmin Subsystem
19:14:33,660 INFO  [org.jboss.as.webservices] (ServerService Thread Pool -- 35) JBAS015537: Activating WebServices Extension
19:14:33,720 INFO  [org.jboss.as.jacorb] (ServerService Thread Pool -- 57) JBAS016300: Activating JacORB Subsystem
19:14:33,746 INFO  [org.jboss.as.jsf] (ServerService Thread Pool -- 49) JBAS012615: Activated the following JSF Implementations: [main, 1.2]
19:14:33,828 INFO  [org.jboss.as.security] (MSC service thread 1-2) JBAS013370: Current PicketBox version=4.1.1.Final-redhat-1
19:14:34,328 INFO  [org.jboss.as.naming] (MSC service thread 1-1) JBAS011802: Starting Naming Service
19:14:34,536 INFO  [org.jboss.as.connector.logging] (MSC service thread 1-2) JBAS010408: Starting JCA Subsystem (IronJacamar 1.0.31.Final-redhat-1)
19:14:35,391 INFO  [org.jboss.jaxr] (MSC service thread 1-2) JBAS014000: Started JAXR subsystem, binding JAXR connection factory into JNDI as: java:jboss/jaxr/ConnectionFactory
19:14:35,453 INFO  [org.jboss.as.mail.extension] (MSC service thread 1-2) JBAS015400: Bound mail session [java:jboss/mail/Default]
19:14:37,025 INFO  [org.hornetq.core.server] (ServerService Thread Pool -- 65) HQ221000: live server is starting with configuration HornetQ Configuration (clustered=true,backup=false,sharedStore=true,journalDirectory=/opt/app/jboss-eap-6.4/domain/servers/server-one/data/messagingjournal,bindingsDirectory=/opt/app/jboss-eap-6.4/domain/servers/server-one/data/messagingbindings,largeMessagesDirectory=/opt/app/jboss-eap-6.4/domain/servers/server-one/data/messaginglargemessages,pagingDirectory=/opt/app/jboss-eap-6.4/domain/servers/server-one/data/messagingpaging)
19:14:37,027 INFO  [org.hornetq.core.server] (ServerService Thread Pool -- 65) HQ221006: Waiting to obtain live lock
19:14:37,087 INFO  [org.infinispan.configuration.cache.EvictionConfigurationBuilder] (ServerService Thread Pool -- 58) ISPN000152: Passivation configured without an eviction policy being selected. Only manually evicted entities will be passivated.
19:14:37,180 INFO  [org.infinispan.configuration.cache.EvictionConfigurationBuilder] (ServerService Thread Pool -- 58) ISPN000152: Passivation configured without an eviction policy being selected. Only manually evicted entities will be passivated.
19:14:37,268 INFO  [org.hornetq.core.server] (ServerService Thread Pool -- 65) HQ221013: Using NIO Journal
19:14:37,609 INFO  [org.apache.coyote.http11.Http11Protocol] (MSC service thread 1-1) JBWEB003001: Coyote HTTP/1.1 initializing on : http-/192.168.1.16:8080
19:14:37,678 INFO  [org.apache.coyote.http11.Http11Protocol] (MSC service thread 1-1) JBWEB003000: Coyote HTTP/1.1 starting on: http-/192.168.1.16:8080
19:14:37,715 INFO  [org.apache.coyote.ajp] (MSC service thread 1-1) JBWEB003046: Starting Coyote AJP/1.3 on ajp-/192.168.1.16:8009
19:14:38,003 INFO  [org.hornetq.core.server] (ServerService Thread Pool -- 65) HQ221034: Waiting to obtain live lock
19:14:38,006 INFO  [org.hornetq.core.server] (ServerService Thread Pool -- 65) HQ221035: Live Server Obtained live lock
19:14:39,642 INFO  [org.jboss.as.jacorb] (MSC service thread 1-1) JBAS016330: CORBA ORB Service started
19:14:39,950 INFO  [org.jboss.modcluster] (ServerService Thread Pool -- 66) MODCLUSTER000001: Initializing mod_cluster version 1.2.11.Final-redhat-1
19:14:40,137 INFO  [org.jboss.modcluster] (ServerService Thread Pool -- 66) MODCLUSTER000032: Listening to proxy advertisements on /224.0.1.105:23364
19:14:40,257 ERROR [org.jboss.modcluster] (ServerService Thread Pool -- 66) MODCLUSTER000043: Failed to send INFO to jboss.dc.com/192.168.1.16:5656: java.net.ConnectException: Connection refused (Connection refused)
	at java.net.PlainSocketImpl.socketConnect(Native Method) [rt.jar:1.8.0_131]
	at java.net.AbstractPlainSocketImpl.doConnect(AbstractPlainSocketImpl.java:350) [rt.jar:1.8.0_131]
	at java.net.AbstractPlainSocketImpl.connectToAddress(AbstractPlainSocketImpl.java:206) [rt.jar:1.8.0_131]
	at java.net.AbstractPlainSocketImpl.connect(AbstractPlainSocketImpl.java:188) [rt.jar:1.8.0_131]
	at java.net.SocksSocketImpl.connect(SocksSocketImpl.java:392) [rt.jar:1.8.0_131]
	at java.net.Socket.connect(Socket.java:589) [rt.jar:1.8.0_131]
	at org.jboss.modcluster.mcmp.impl.DefaultMCMPHandler$Proxy.getConnection(DefaultMCMPHandler.java:835)
	at org.jboss.modcluster.mcmp.impl.DefaultMCMPHandler$Proxy.getConnectionWriter(DefaultMCMPHandler.java:858)
	at org.jboss.modcluster.mcmp.impl.DefaultMCMPHandler.sendRequest(DefaultMCMPHandler.java:499)
	at org.jboss.modcluster.mcmp.impl.DefaultMCMPHandler.sendRequest(DefaultMCMPHandler.java:600)
	at org.jboss.modcluster.mcmp.impl.DefaultMCMPHandler.status(DefaultMCMPHandler.java:372)
	at org.jboss.modcluster.mcmp.impl.DefaultMCMPHandler.status(DefaultMCMPHandler.java:350)
	at org.jboss.modcluster.ModClusterService.status(ModClusterService.java:458)
	at org.jboss.as.modcluster.ModClusterService.start(ModClusterService.java:116)
	at org.jboss.as.clustering.msc.AsynchronousService$1.run(AsynchronousService.java:86) [jboss-as-clustering-common-7.5.0.Final-redhat-21.jar:7.5.0.Final-redhat-21]
	at java.util.concurrent.ThreadPoolExecutor.runWorker(ThreadPoolExecutor.java:1142) [rt.jar:1.8.0_131]
	at java.util.concurrent.ThreadPoolExecutor$Worker.run(ThreadPoolExecutor.java:617) [rt.jar:1.8.0_131]
	at java.lang.Thread.run(Thread.java:748) [rt.jar:1.8.0_131]
	at org.jboss.threads.JBossThread.run(JBossThread.java:122) [jboss-threads-2.1.2.Final-redhat-1.jar:2.1.2.Final-redhat-1]

19:14:41,407 INFO  [org.jboss.as.jacorb] (MSC service thread 1-1) JBAS016328: CORBA Naming Service started
19:14:41,593 INFO  [org.jboss.as.connector.subsystems.datasources] (MSC service thread 1-1) JBAS010400: Bound data source [java:jboss/datasources/ExampleDS]
19:14:41,760 INFO  [org.hornetq.core.server] (ServerService Thread Pool -- 65) HQ221020: Started Netty Acceptor version 3.6.10.Final-266dbdf 192.168.1.16:5445 for CORE protocol
19:14:41,845 INFO  [org.hornetq.core.server] (ServerService Thread Pool -- 65) HQ221020: Started Netty Acceptor version 3.6.10.Final-266dbdf 192.168.1.16:5455 for CORE protocol
19:14:41,898 INFO  [org.hornetq.core.server] (ServerService Thread Pool -- 65) HQ221007: Server is now live
19:14:41,898 INFO  [org.hornetq.core.server] (ServerService Thread Pool -- 65) HQ221001: HornetQ Server version 2.3.25.Final (2.3.x, 123) [7b300246-658c-11e7-9407-470760f26155] 
19:14:42,114 INFO  [org.jboss.as.messaging] (ServerService Thread Pool -- 65) JBAS011601: Bound messaging object to jndi name java:jboss/exported/jms/RemoteConnectionFactory
19:14:42,230 INFO  [org.hornetq.core.server] (ServerService Thread Pool -- 68) HQ221003: trying to deploy queue jms.queue.ExpiryQueue
19:14:42,330 INFO  [org.jboss.as.messaging] (ServerService Thread Pool -- 68) JBAS011601: Bound messaging object to jndi name java:/jms/queue/ExpiryQueue
19:14:42,350 INFO  [org.jboss.as.messaging] (ServerService Thread Pool -- 67) JBAS011601: Bound messaging object to jndi name java:/ConnectionFactory
19:14:42,352 INFO  [org.hornetq.core.server] (ServerService Thread Pool -- 66) HQ221003: trying to deploy queue jms.queue.DLQ
19:14:42,356 INFO  [org.jboss.as.messaging] (ServerService Thread Pool -- 66) JBAS011601: Bound messaging object to jndi name java:/jms/queue/DLQ
19:14:42,624 INFO  [org.jboss.as.connector.deployment] (MSC service thread 1-1) JBAS010406: Registered connection factory java:/JmsXA
19:14:42,874 INFO  [org.hornetq.ra] (MSC service thread 1-1) HornetQ resource adaptor started
19:14:42,874 INFO  [org.jboss.as.connector.services.resourceadapters.ResourceAdapterActivatorService$ResourceAdapterActivator] (MSC service thread 1-1) IJ020002: Deployed: file://RaActivatorhornetq-ra
19:14:42,876 INFO  [org.jboss.as.connector.deployment] (MSC service thread 1-1) JBAS010401: Bound JCA ConnectionFactory [java:/JmsXA]
19:14:43,465 INFO  [org.jboss.as.remoting] (MSC service thread 1-1) JBAS017100: Listening on 192.168.1.16:4447
19:14:44,052 INFO  [org.jboss.ws.common.management] (MSC service thread 1-2) JBWS022052: Starting JBoss Web Services - Stack CXF Server 4.3.4.Final-redhat-1
19:14:44,431 INFO  [org.jboss.as] (Controller Boot Thread) JBAS015874: JBoss EAP 6.4.0.GA (AS 7.5.0.Final-redhat-21) started in 21935ms - Started 194 of 290 services (127 services are lazy, passive or on-demand)
19:14:53,168 ERROR [org.hornetq.core.server] (Old I/O client worker ([id: 0x59bb798d, /192.168.1.16:38394 => /192.168.1.16:5595])) HQ224066: Stopping ClusterManager. As it failed to authenticate with the cluster: HQ119099: Unable to authenticate cluster user: HORNETQ.CLUSTER.ADMIN.USER
19:14:53,510 INFO  [org.hornetq.core.server] (Thread-15 (HornetQ-server-HornetQServerImpl::serverUUID=7b300246-658c-11e7-9407-470760f26155-2111266030)) HQ221029: stopped bridge sf.my-cluster.813ffb01-658c-11e7-a6bd-3f9016623b0e
19:14:53,586 ERROR [org.hornetq.core.server] (Old I/O server worker (parentId: -1236498104, [id: 0xb64c8948, /192.168.1.16:5445])) HQ224018: Failed to create session: HornetQException[errorType=CLUSTER_SECURITY_EXCEPTION message=HQ119099: Unable to authenticate cluster user: HORNETQ.CLUSTER.ADMIN.USER]
	at org.hornetq.core.security.impl.SecurityStoreImpl.authenticate(SecurityStoreImpl.java:123) [hornetq-server-2.3.25.Final-redhat-1.jar:2.3.25.Final-redhat-1]
	at org.hornetq.core.server.impl.HornetQServerImpl.createSession(HornetQServerImpl.java:980) [hornetq-server-2.3.25.Final-redhat-1.jar:2.3.25.Final-redhat-1]
	at org.hornetq.core.protocol.core.impl.HornetQPacketHandler.handleCreateSession(HornetQPacketHandler.java:150) [hornetq-server-2.3.25.Final-redhat-1.jar:2.3.25.Final-redhat-1]
	at org.hornetq.core.protocol.core.impl.HornetQPacketHandler.handlePacket(HornetQPacketHandler.java:78) [hornetq-server-2.3.25.Final-redhat-1.jar:2.3.25.Final-redhat-1]
	at org.hornetq.core.protocol.core.impl.ChannelImpl.handlePacket(ChannelImpl.java:641) [hornetq-core-client-2.3.25.Final-redhat-1.jar:2.3.25.Final-redhat-1]
	at org.hornetq.core.protocol.core.impl.RemotingConnectionImpl.doBufferReceived(RemotingConnectionImpl.java:557) [hornetq-core-client-2.3.25.Final-redhat-1.jar:2.3.25.Final-redhat-1]
	at org.hornetq.core.protocol.core.impl.RemotingConnectionImpl.bufferReceived(RemotingConnectionImpl.java:533) [hornetq-core-client-2.3.25.Final-redhat-1.jar:2.3.25.Final-redhat-1]
	at org.hornetq.core.remoting.server.impl.RemotingServiceImpl$DelegatingBufferHandler.bufferReceived(RemotingServiceImpl.java:587) [hornetq-server-2.3.25.Final-redhat-1.jar:2.3.25.Final-redhat-1]
	at org.hornetq.core.remoting.impl.netty.HornetQChannelHandler.messageReceived(HornetQChannelHandler.java:72) [hornetq-core-client-2.3.25.Final-redhat-1.jar:2.3.25.Final-redhat-1]
	at org.jboss.netty.channel.SimpleChannelHandler.handleUpstream(SimpleChannelHandler.java:88) [netty-3.6.10.Final-redhat-1.jar:3.6.10.Final-redhat-1]
	at org.jboss.netty.channel.DefaultChannelPipeline.sendUpstream(DefaultChannelPipeline.java:564) [netty-3.6.10.Final-redhat-1.jar:3.6.10.Final-redhat-1]
	at org.jboss.netty.channel.DefaultChannelPipeline$DefaultChannelHandlerContext.sendUpstream(DefaultChannelPipeline.java:791) [netty-3.6.10.Final-redhat-1.jar:3.6.10.Final-redhat-1]
	at org.jboss.netty.channel.Channels.fireMessageReceived(Channels.java:281) [netty-3.6.10.Final-redhat-1.jar:3.6.10.Final-redhat-1]
	at org.hornetq.core.remoting.impl.netty.HornetQFrameDecoder2.decode(HornetQFrameDecoder2.java:169) [hornetq-core-client-2.3.25.Final-redhat-1.jar:2.3.25.Final-redhat-1]
	at org.hornetq.core.remoting.impl.netty.HornetQFrameDecoder2.messageReceived(HornetQFrameDecoder2.java:134) [hornetq-core-client-2.3.25.Final-redhat-1.jar:2.3.25.Final-redhat-1]
	at org.jboss.netty.channel.SimpleChannelUpstreamHandler.handleUpstream(SimpleChannelUpstreamHandler.java:70) [netty-3.6.10.Final-redhat-1.jar:3.6.10.Final-redhat-1]
	at org.jboss.netty.channel.DefaultChannelPipeline.sendUpstream(DefaultChannelPipeline.java:564) [netty-3.6.10.Final-redhat-1.jar:3.6.10.Final-redhat-1]
	at org.jboss.netty.channel.DefaultChannelPipeline.sendUpstream(DefaultChannelPipeline.java:559) [netty-3.6.10.Final-redhat-1.jar:3.6.10.Final-redhat-1]
	at org.jboss.netty.channel.Channels.fireMessageReceived(Channels.java:268) [netty-3.6.10.Final-redhat-1.jar:3.6.10.Final-redhat-1]
	at org.jboss.netty.channel.Channels.fireMessageReceived(Channels.java:255) [netty-3.6.10.Final-redhat-1.jar:3.6.10.Final-redhat-1]
	at org.jboss.netty.channel.socket.oio.OioWorker.process(OioWorker.java:71) [netty-3.6.10.Final-redhat-1.jar:3.6.10.Final-redhat-1]
	at org.jboss.netty.channel.socket.oio.AbstractOioWorker.run(AbstractOioWorker.java:73) [netty-3.6.10.Final-redhat-1.jar:3.6.10.Final-redhat-1]
	at org.jboss.netty.channel.socket.oio.OioWorker.run(OioWorker.java:51) [netty-3.6.10.Final-redhat-1.jar:3.6.10.Final-redhat-1]
	at org.jboss.netty.util.ThreadRenamingRunnable.run(ThreadRenamingRunnable.java:108) [netty-3.6.10.Final-redhat-1.jar:3.6.10.Final-redhat-1]
	at org.jboss.netty.util.internal.DeadLockProofWorker$1.run(DeadLockProofWorker.java:42) [netty-3.6.10.Final-redhat-1.jar:3.6.10.Final-redhat-1]
	at org.jboss.netty.util.VirtualExecutorService$ChildExecutorRunnable.run(VirtualExecutorService.java:175) [netty-3.6.10.Final-redhat-1.jar:3.6.10.Final-redhat-1]
	at java.util.concurrent.ThreadPoolExecutor.runWorker(ThreadPoolExecutor.java:1142) [rt.jar:1.8.0_131]
	at java.util.concurrent.ThreadPoolExecutor$Worker.run(ThreadPoolExecutor.java:617) [rt.jar:1.8.0_131]
	at java.lang.Thread.run(Thread.java:748) [rt.jar:1.8.0_131]

21:16:00,701 ERROR [org.jboss.modcluster] (ContainerBackgroundProcessor[StandardEngine[jboss.web]]) MODCLUSTER000042: Error MEM sending CONFIG command to jboss.dc.com/192.168.1.16:5656, configuration will be reset: MEM: Old node still exist
22:10:59,274 ERROR [org.jboss.modcluster] (ContainerBackgroundProcessor[StandardEngine[jboss.web]]) MODCLUSTER000043: Failed to send STATUS to jboss.dc.com/192.168.1.16:5656: java.net.ConnectException: Connection refused (Connection refused)
	at java.net.PlainSocketImpl.socketConnect(Native Method) [rt.jar:1.8.0_131]
	at java.net.AbstractPlainSocketImpl.doConnect(AbstractPlainSocketImpl.java:350) [rt.jar:1.8.0_131]
	at java.net.AbstractPlainSocketImpl.connectToAddress(AbstractPlainSocketImpl.java:206) [rt.jar:1.8.0_131]
	at java.net.AbstractPlainSocketImpl.connect(AbstractPlainSocketImpl.java:188) [rt.jar:1.8.0_131]
	at java.net.SocksSocketImpl.connect(SocksSocketImpl.java:392) [rt.jar:1.8.0_131]
	at java.net.Socket.connect(Socket.java:589) [rt.jar:1.8.0_131]
	at org.jboss.modcluster.mcmp.impl.DefaultMCMPHandler$Proxy.getConnection(DefaultMCMPHandler.java:835)
	at org.jboss.modcluster.mcmp.impl.DefaultMCMPHandler$Proxy.getConnectionWriter(DefaultMCMPHandler.java:858)
	at org.jboss.modcluster.mcmp.impl.DefaultMCMPHandler.sendRequest(DefaultMCMPHandler.java:499)
	at org.jboss.modcluster.mcmp.impl.DefaultMCMPHandler.sendRequest(DefaultMCMPHandler.java:600)
	at org.jboss.modcluster.mcmp.impl.DefaultMCMPHandler.sendRequest(DefaultMCMPHandler.java:414)
	at org.jboss.modcluster.ModClusterService.status(ModClusterService.java:468)
	at org.jboss.modcluster.container.catalina.CatalinaEventHandlerAdapter.lifecycleEvent(CatalinaEventHandlerAdapter.java:249)
	at org.apache.catalina.util.LifecycleSupport.fireLifecycleEvent(LifecycleSupport.java:115) [jbossweb-7.5.7.Final-redhat-1.jar:7.5.7.Final-redhat-1]
	at org.apache.catalina.core.ContainerBase.backgroundProcess(ContainerBase.java:1323) [jbossweb-7.5.7.Final-redhat-1.jar:7.5.7.Final-redhat-1]
	at org.apache.catalina.core.ContainerBase$ContainerBackgroundProcessor.processChildren(ContainerBase.java:1588) [jbossweb-7.5.7.Final-redhat-1.jar:7.5.7.Final-redhat-1]
	at org.apache.catalina.core.ContainerBase$ContainerBackgroundProcessor.run(ContainerBase.java:1574) [jbossweb-7.5.7.Final-redhat-1.jar:7.5.7.Final-redhat-1]
	at java.lang.Thread.run(Thread.java:748) [rt.jar:1.8.0_131]

22:25:39,579 INFO  [org.jboss.as.connector.subsystems.datasources] (MSC service thread 1-1) JBAS010409: Unbound data source [java:jboss/datasources/ExampleDS]
22:25:39,707 INFO  [org.jboss.as.connector.deployment] (MSC service thread 1-1) JBAS010410: Unbound JCA ConnectionFactory [java:/JmsXA]
22:25:40,911 INFO  [org.jboss.modcluster] (ServerService Thread Pool -- 72) MODCLUSTER000002: Initiating mod_cluster shutdown
22:25:39,694 INFO  [org.apache.coyote.http11.Http11Protocol] (MSC service thread 1-2) JBWEB003075: Coyote HTTP/1.1 pausing on: http-/192.168.1.16:8080
22:25:41,155 INFO  [org.apache.coyote.http11.Http11Protocol] (MSC service thread 1-2) JBWEB003077: Coyote HTTP/1.1 stopping on : http-/192.168.1.16:8080
22:25:41,290 INFO  [org.apache.catalina.core] (MSC service thread 1-1) JBWEB001079: Container org.apache.catalina.core.ContainerBase.[jboss.web].[default-host].[/] has not been started
22:25:41,505 INFO  [org.jboss.jaxr] (MSC service thread 1-1) JBAS014002: UnBinding JAXR ConnectionFactory: java:jboss/jaxr/ConnectionFactory
22:25:41,850 INFO  [org.jboss.as.messaging] (ServerService Thread Pool -- 70) JBAS011605: Unbound messaging object to jndi name java:jboss/exported/jms/RemoteConnectionFactory
22:25:42,061 INFO  [org.apache.coyote.ajp] (MSC service thread 1-1) JBWEB003048: Pausing Coyote AJP/1.3 on ajp-/192.168.1.16:8009
22:25:42,095 INFO  [org.apache.coyote.ajp] (MSC service thread 1-1) JBWEB003051: Stopping Coyote AJP/1.3 on ajp-/192.168.1.16:8009
22:25:42,522 INFO  [org.hornetq.ra] (ServerService Thread Pool -- 75) HQ151003: HornetQ resource adaptor stopped
22:25:42,879 INFO  [org.hornetq.core.server] (ServerService Thread Pool -- 75) HQ221002: HornetQ Server version 2.3.25.Final (2.3.x, 123) [7b300246-658c-11e7-9407-470760f26155] stopped
22:25:43,006 INFO  [org.jboss.as] (MSC service thread 1-2) JBAS015950: JBoss EAP 6.4.0.GA (AS 7.5.0.Final-redhat-21) stopped in 4256ms
