22:27:31,705 INFO  [org.jboss.modules] (main) JBoss Modules version 1.3.6.Final-redhat-1
22:27:42,208 INFO  [org.jboss.msc] (main) JBoss MSC version 1.1.5.Final-redhat-1
22:27:44,207 INFO  [org.jboss.as] (MSC service thread 1-1) JBAS015899: JBoss EAP 6.4.0.GA (AS 7.5.0.Final-redhat-21) starting
22:27:44,478 DEBUG [org.jboss.as.config] (MSC service thread 1-1) Configured system properties:
	[Server:server-one-dc] = 
	awt.toolkit = sun.awt.X11.XToolkit
	com.sun.management.jmxremote.authenticate = false
	com.sun.management.jmxremote.ssl = false
	file.encoding = UTF-8
	file.encoding.pkg = sun.io
	file.separator = /
	java.awt.graphicsenv = sun.awt.X11GraphicsEnvironment
	java.awt.headless = true
	java.awt.printerjob = sun.print.PSPrinterJob
	java.class.path = /opt/app/jboss-eap-6.4/jboss-modules.jar
	java.class.version = 52.0
	java.endorsed.dirs = /usr/lib/jvm/java-1.8.0-openjdk-1.8.0.131-3.b12.el7_3.x86_64/jre/lib/endorsed
	java.ext.dirs = /usr/lib/jvm/java-1.8.0-openjdk-1.8.0.131-3.b12.el7_3.x86_64/jre/lib/ext:/usr/java/packages/lib/ext
	java.home = /usr/lib/jvm/java-1.8.0-openjdk-1.8.0.131-3.b12.el7_3.x86_64/jre
	java.io.tmpdir = /tmp
	java.library.path = /usr/java/packages/lib/amd64:/usr/lib64:/lib64:/lib:/usr/lib
	java.net.preferIPv4Stack = true
	java.runtime.name = OpenJDK Runtime Environment
	java.runtime.version = 1.8.0_131-b12
	java.specification.name = Java Platform API Specification
	java.specification.vendor = Oracle Corporation
	java.specification.version = 1.8
	java.util.logging.manager = org.jboss.logmanager.LogManager
	java.vendor = Oracle Corporation
	java.vendor.url = http://java.oracle.com/
	java.vendor.url.bug = http://bugreport.sun.com/bugreport/
	java.version = 1.8.0_131
	java.vm.info = mixed mode
	java.vm.name = OpenJDK 64-Bit Server VM
	java.vm.specification.name = Java Virtual Machine Specification
	java.vm.specification.vendor = Oracle Corporation
	java.vm.specification.version = 1.8
	java.vm.vendor = Oracle Corporation
	java.vm.version = 25.131-b12
	javax.management.builder.initial = org.jboss.as.jmx.PluggableMBeanServerBuilder
	javax.xml.datatype.DatatypeFactory = __redirected.__DatatypeFactory
	javax.xml.parsers.DocumentBuilderFactory = __redirected.__DocumentBuilderFactory
	javax.xml.parsers.SAXParserFactory = __redirected.__SAXParserFactory
	javax.xml.stream.XMLEventFactory = __redirected.__XMLEventFactory
	javax.xml.stream.XMLInputFactory = __redirected.__XMLInputFactory
	javax.xml.stream.XMLOutputFactory = __redirected.__XMLOutputFactory
	javax.xml.transform.TransformerFactory = __redirected.__TransformerFactory
	javax.xml.validation.SchemaFactory:http://www.w3.org/2001/XMLSchema = __redirected.__SchemaFactory
	javax.xml.xpath.XPathFactory:http://java.sun.com/jaxp/xpath/dom = __redirected.__XPathFactory
	jboss.domain.base.dir = /opt/app/jboss-eap-6.4/domain
	jboss.domain.config.dir = /opt/app/jboss-eap-6.4/domain/configuration
	jboss.home.dir = /opt/app/jboss-eap-6.4
	jboss.host.name = jboss
	jboss.modules.dir = /opt/app/jboss-eap-6.4/modules
	jboss.modules.policy-permissions = true
	jboss.modules.system.pkgs = org.jboss.byteman
	jboss.node.name = jbossdc:server-one-dc
	jboss.qualified.host.name = jboss.dc.com
	jboss.server.base.dir = /opt/app/jboss-eap-6.4/domain/servers/server-one-dc
	jboss.server.config.dir = /opt/app/jboss-eap-6.4/domain/servers/server-one-dc/configuration
	jboss.server.data.dir = /opt/app/jboss-eap-6.4/domain/servers/server-one-dc/data
	jboss.server.deploy.dir = /opt/app/jboss-eap-6.4/domain/servers/server-one-dc/data/content
	jboss.server.log.dir = /opt/app/jboss-eap-6.4/domain/servers/server-one-dc/log
	jboss.server.name = server-one-dc
	jboss.server.persist.config = true
	jboss.server.temp.dir = /opt/app/jboss-eap-6.4/domain/servers/server-one-dc/tmp
	line.separator = 

	logging.configuration = file:/opt/app/jboss-eap-6.4/domain/configuration/default-server-logging.properties
	module.path = /opt/app/jboss-eap-6.4/modules
	org.jboss.boot.log.file = /opt/app/jboss-eap-6.4/domain/servers/server-one-dc/log/server.log
	org.jboss.resolver.warning = true
	org.xml.sax.driver = __redirected.__XMLReaderFactory
	os.arch = amd64
	os.name = Linux
	os.version = 3.10.0-514.21.2.el7.x86_64
	path.separator = :
	sun.arch.data.model = 64
	sun.boot.class.path = /usr/lib/jvm/java-1.8.0-openjdk-1.8.0.131-3.b12.el7_3.x86_64/jre/lib/resources.jar:/usr/lib/jvm/java-1.8.0-openjdk-1.8.0.131-3.b12.el7_3.x86_64/jre/lib/rt.jar:/usr/lib/jvm/java-1.8.0-openjdk-1.8.0.131-3.b12.el7_3.x86_64/jre/lib/sunrsasign.jar:/usr/lib/jvm/java-1.8.0-openjdk-1.8.0.131-3.b12.el7_3.x86_64/jre/lib/jsse.jar:/usr/lib/jvm/java-1.8.0-openjdk-1.8.0.131-3.b12.el7_3.x86_64/jre/lib/jce.jar:/usr/lib/jvm/java-1.8.0-openjdk-1.8.0.131-3.b12.el7_3.x86_64/jre/lib/charsets.jar:/usr/lib/jvm/java-1.8.0-openjdk-1.8.0.131-3.b12.el7_3.x86_64/jre/lib/jfr.jar:/usr/lib/jvm/java-1.8.0-openjdk-1.8.0.131-3.b12.el7_3.x86_64/jre/classes
	sun.boot.library.path = /usr/lib/jvm/java-1.8.0-openjdk-1.8.0.131-3.b12.el7_3.x86_64/jre/lib/amd64
	sun.cpu.endian = little
	sun.cpu.isalist = 
	sun.io.unicode.encoding = UnicodeLittle
	sun.java.command = /opt/app/jboss-eap-6.4/jboss-modules.jar -mp /opt/app/jboss-eap-6.4/modules -jaxpmodule javax.xml.jaxp-provider org.jboss.as.server
	sun.java.launcher = SUN_STANDARD
	sun.jnu.encoding = UTF-8
	sun.management.compiler = HotSpot 64-Bit Tiered Compilers
	sun.os.patch.level = unknown
	user.country = US
	user.dir = /opt/app/jboss-eap-6.4
	user.home = /root
	user.language = en
	user.name = root
	user.timezone = America/New_York
22:27:44,500 DEBUG [org.jboss.as.config] (MSC service thread 1-1) VM Arguments: -D[Server:server-one-dc] -XX:PermSize=256m -XX:MaxPermSize=256m -Xms1000m -Xmx1000m -Dcom.sun.management.jmxremote.ssl=false -Djboss.modules.system.pkgs=org.jboss.byteman -Djava.awt.headless=true -Djava.net.preferIPv4Stack=true -Dcom.sun.management.jmxremote.authenticate=false -Djboss.home.dir=/opt/app/jboss-eap-6.4 -Djboss.modules.policy-permissions=true -Djboss.server.log.dir=/opt/app/jboss-eap-6.4/domain/servers/server-one-dc/log -Djboss.server.temp.dir=/opt/app/jboss-eap-6.4/domain/servers/server-one-dc/tmp -Djboss.server.data.dir=/opt/app/jboss-eap-6.4/domain/servers/server-one-dc/data -Dorg.jboss.boot.log.file=/opt/app/jboss-eap-6.4/domain/servers/server-one-dc/log/server.log -Dlogging.configuration=file:/opt/app/jboss-eap-6.4/domain/configuration/default-server-logging.properties 
22:27:46,414 INFO  [org.xnio] (MSC service thread 1-1) XNIO Version 3.0.13.GA-redhat-1
22:27:46,643 INFO  [org.xnio.nio] (MSC service thread 1-1) XNIO NIO Implementation Version 3.0.13.GA-redhat-1
22:27:47,362 INFO  [org.jboss.remoting] (MSC service thread 1-1) JBoss Remoting version 3.3.4.Final-redhat-1
22:28:37,060 INFO  [org.jboss.as.controller.management-deprecated] (ServerService Thread Pool -- 16) JBAS014627: Attribute default-stack is deprecated, and it might be removed in future version!
22:28:37,019 INFO  [org.jboss.as.controller.management-deprecated] (ServerService Thread Pool -- 33) JBAS014627: Attribute enabled is deprecated, and it might be removed in future version!
22:28:37,336 INFO  [org.jboss.as.controller.management-deprecated] (ServerService Thread Pool -- 16) JBAS014627: Attribute type is deprecated, and it might be removed in future version!
22:28:37,343 INFO  [org.jboss.as.controller.management-deprecated] (ServerService Thread Pool -- 16) JBAS014627: Attribute type is deprecated, and it might be removed in future version!
22:28:37,548 INFO  [org.jboss.as.controller.management-deprecated] (ServerService Thread Pool -- 16) JBAS014627: Attribute type is deprecated, and it might be removed in future version!
22:28:37,552 INFO  [org.jboss.as.controller.management-deprecated] (ServerService Thread Pool -- 16) JBAS014627: Attribute type is deprecated, and it might be removed in future version!
22:28:37,556 INFO  [org.jboss.as.controller.management-deprecated] (ServerService Thread Pool -- 16) JBAS014627: Attribute type is deprecated, and it might be removed in future version!
22:28:37,686 INFO  [org.jboss.as.controller.management-deprecated] (ServerService Thread Pool -- 16) JBAS014627: Attribute type is deprecated, and it might be removed in future version!
22:28:37,689 INFO  [org.jboss.as.controller.management-deprecated] (ServerService Thread Pool -- 16) JBAS014627: Attribute type is deprecated, and it might be removed in future version!
22:28:37,813 INFO  [org.jboss.as.controller.management-deprecated] (ServerService Thread Pool -- 16) JBAS014627: Attribute type is deprecated, and it might be removed in future version!
22:28:37,818 INFO  [org.jboss.as.controller.management-deprecated] (ServerService Thread Pool -- 16) JBAS014627: Attribute type is deprecated, and it might be removed in future version!
22:28:37,924 INFO  [org.jboss.as.controller.management-deprecated] (ServerService Thread Pool -- 16) JBAS014627: Attribute type is deprecated, and it might be removed in future version!
22:28:37,932 INFO  [org.jboss.as.controller.management-deprecated] (ServerService Thread Pool -- 16) JBAS014627: Attribute type is deprecated, and it might be removed in future version!
22:28:38,067 INFO  [org.jboss.as.controller.management-deprecated] (ServerService Thread Pool -- 16) JBAS014627: Attribute type is deprecated, and it might be removed in future version!
22:28:38,070 INFO  [org.jboss.as.controller.management-deprecated] (ServerService Thread Pool -- 16) JBAS014627: Attribute type is deprecated, and it might be removed in future version!
22:28:38,073 INFO  [org.jboss.as.controller.management-deprecated] (ServerService Thread Pool -- 16) JBAS014627: Attribute type is deprecated, and it might be removed in future version!
22:28:38,195 INFO  [org.jboss.as.controller.management-deprecated] (ServerService Thread Pool -- 16) JBAS014627: Attribute type is deprecated, and it might be removed in future version!
22:28:38,202 INFO  [org.jboss.as.controller.management-deprecated] (ServerService Thread Pool -- 16) JBAS014627: Attribute type is deprecated, and it might be removed in future version!
22:28:38,205 INFO  [org.jboss.as.controller.management-deprecated] (ServerService Thread Pool -- 16) JBAS014627: Attribute type is deprecated, and it might be removed in future version!
22:28:38,342 INFO  [org.jboss.as.controller.management-deprecated] (ServerService Thread Pool -- 16) JBAS014627: Attribute type is deprecated, and it might be removed in future version!
22:28:38,476 INFO  [org.jboss.as.controller.management-deprecated] (ServerService Thread Pool -- 16) JBAS014627: Attribute type is deprecated, and it might be removed in future version!
22:28:38,534 INFO  [org.jboss.as.controller.management-deprecated] (ServerService Thread Pool -- 16) JBAS014627: Attribute type is deprecated, and it might be removed in future version!
22:28:38,539 INFO  [org.jboss.as.controller.management-deprecated] (ServerService Thread Pool -- 16) JBAS014627: Attribute type is deprecated, and it might be removed in future version!
22:28:38,541 INFO  [org.jboss.as.controller.management-deprecated] (ServerService Thread Pool -- 16) JBAS014627: Attribute type is deprecated, and it might be removed in future version!
22:28:38,684 INFO  [org.jboss.as.controller.management-deprecated] (ServerService Thread Pool -- 16) JBAS014627: Attribute type is deprecated, and it might be removed in future version!
22:28:38,688 INFO  [org.jboss.as.controller.management-deprecated] (ServerService Thread Pool -- 16) JBAS014627: Attribute type is deprecated, and it might be removed in future version!
22:28:38,691 INFO  [org.jboss.as.controller.management-deprecated] (ServerService Thread Pool -- 16) JBAS014627: Attribute type is deprecated, and it might be removed in future version!
22:28:38,693 INFO  [org.jboss.as.controller.management-deprecated] (ServerService Thread Pool -- 16) JBAS014627: Attribute type is deprecated, and it might be removed in future version!
22:28:38,694 INFO  [org.jboss.as.controller.management-deprecated] (ServerService Thread Pool -- 16) JBAS014627: Attribute type is deprecated, and it might be removed in future version!
22:28:38,785 INFO  [org.jboss.as.controller.management-deprecated] (ServerService Thread Pool -- 16) JBAS014627: Attribute type is deprecated, and it might be removed in future version!
22:28:38,786 INFO  [org.jboss.as.controller.management-deprecated] (ServerService Thread Pool -- 16) JBAS014627: Attribute type is deprecated, and it might be removed in future version!
22:28:42,340 INFO  [org.jboss.as.configadmin] (ServerService Thread Pool -- 65) JBAS016200: Activating ConfigAdmin Subsystem
22:28:41,164 WARN  [org.jboss.as.txn] (ServerService Thread Pool -- 40) JBAS010153: Node identifier property is set to the default value. Please make sure it is unique.
22:28:41,773 INFO  [org.jboss.as.jsf] (ServerService Thread Pool -- 52) JBAS012615: Activated the following JSF Implementations: [main, 1.2]
22:28:42,579 INFO  [org.jboss.as.clustering.jgroups] (ServerService Thread Pool -- 55) JBAS010260: Activating JGroups subsystem.
22:28:42,869 INFO  [org.jboss.as.jacorb] (ServerService Thread Pool -- 60) JBAS016300: Activating JacORB Subsystem
22:28:42,818 INFO  [org.jboss.as.security] (ServerService Thread Pool -- 42) JBAS013371: Activating Security Subsystem
22:28:43,046 INFO  [org.jboss.as.connector.subsystems.datasources] (ServerService Thread Pool -- 64) JBAS010403: Deploying JDBC-compliant driver class org.h2.Driver (version 1.3)
22:28:43,322 INFO  [org.jboss.as.clustering.infinispan] (ServerService Thread Pool -- 61) JBAS010280: Activating Infinispan subsystem.
22:28:43,359 INFO  [org.jboss.as.naming] (ServerService Thread Pool -- 47) JBAS011800: Activating Naming Subsystem
22:28:43,464 INFO  [org.jboss.as.webservices] (ServerService Thread Pool -- 38) JBAS015537: Activating WebServices Extension
22:28:46,345 INFO  [org.jboss.as.security] (MSC service thread 1-2) JBAS013370: Current PicketBox version=4.1.1.Final-redhat-1
22:28:49,948 INFO  [org.jboss.as.connector.logging] (MSC service thread 1-1) JBAS010408: Starting JCA Subsystem (IronJacamar 1.0.31.Final-redhat-1)
22:28:50,204 INFO  [org.jboss.as.naming] (MSC service thread 1-1) JBAS011802: Starting Naming Service
22:28:50,639 INFO  [org.jboss.jaxr] (MSC service thread 1-1) JBAS014000: Started JAXR subsystem, binding JAXR connection factory into JNDI as: java:jboss/jaxr/ConnectionFactory
22:28:51,441 INFO  [org.jboss.as.mail.extension] (MSC service thread 1-2) JBAS015400: Bound mail session [java:jboss/mail/Default]
22:28:56,936 INFO  [org.infinispan.configuration.cache.EvictionConfigurationBuilder] (ServerService Thread Pool -- 61) ISPN000152: Passivation configured without an eviction policy being selected. Only manually evicted entities will be passivated.
22:28:57,185 INFO  [org.infinispan.configuration.cache.EvictionConfigurationBuilder] (ServerService Thread Pool -- 61) ISPN000152: Passivation configured without an eviction policy being selected. Only manually evicted entities will be passivated.
22:28:58,298 INFO  [org.apache.coyote.http11.Http11Protocol] (MSC service thread 1-1) JBWEB003001: Coyote HTTP/1.1 initializing on : http-/192.168.1.16:8080
22:28:58,531 INFO  [org.apache.coyote.http11.Http11Protocol] (MSC service thread 1-1) JBWEB003000: Coyote HTTP/1.1 starting on: http-/192.168.1.16:8080
22:28:58,825 INFO  [org.apache.coyote.ajp] (MSC service thread 1-1) JBWEB003046: Starting Coyote AJP/1.3 on ajp-/192.168.1.16:8009
22:28:59,067 INFO  [org.jboss.as.jacorb] (MSC service thread 1-2) JBAS016330: CORBA ORB Service started
22:29:00,599 INFO  [org.jboss.modcluster] (ServerService Thread Pool -- 67) MODCLUSTER000001: Initializing mod_cluster version 1.2.11.Final-redhat-1
22:29:01,027 INFO  [org.hornetq.core.server] (ServerService Thread Pool -- 68) HQ221000: live server is starting with configuration HornetQ Configuration (clustered=true,backup=false,sharedStore=true,journalDirectory=/opt/app/jboss-eap-6.4/domain/servers/server-one-dc/data/messagingjournal,bindingsDirectory=/opt/app/jboss-eap-6.4/domain/servers/server-one-dc/data/messagingbindings,largeMessagesDirectory=/opt/app/jboss-eap-6.4/domain/servers/server-one-dc/data/messaginglargemessages,pagingDirectory=/opt/app/jboss-eap-6.4/domain/servers/server-one-dc/data/messagingpaging)
22:29:01,106 INFO  [org.hornetq.core.server] (ServerService Thread Pool -- 68) HQ221006: Waiting to obtain live lock
22:29:01,273 INFO  [org.jboss.modcluster] (ServerService Thread Pool -- 67) MODCLUSTER000032: Listening to proxy advertisements on /224.0.1.105:23364
22:29:03,325 INFO  [org.hornetq.core.server] (ServerService Thread Pool -- 68) HQ221013: Using NIO Journal
22:29:05,276 INFO  [org.jboss.ws.common.management] (MSC service thread 1-2) JBWS022052: Starting JBoss Web Services - Stack CXF Server 4.3.4.Final-redhat-1
22:29:06,143 INFO  [org.jboss.as.remoting] (MSC service thread 1-2) JBAS017100: Listening on 192.168.1.16:4447
22:29:06,495 INFO  [org.jboss.as.jacorb] (MSC service thread 1-1) JBAS016328: CORBA Naming Service started
22:29:06,633 INFO  [org.hornetq.core.server] (ServerService Thread Pool -- 68) HQ221034: Waiting to obtain live lock
22:29:06,633 INFO  [org.hornetq.core.server] (ServerService Thread Pool -- 68) HQ221035: Live Server Obtained live lock
22:29:08,012 INFO  [org.jboss.as.connector.subsystems.datasources] (MSC service thread 1-1) JBAS010400: Bound data source [java:jboss/datasources/ExampleDS]
22:29:15,083 INFO  [org.hornetq.core.server] (ServerService Thread Pool -- 68) HQ221020: Started Netty Acceptor version 3.6.10.Final-266dbdf 192.168.1.16:5445 for CORE protocol
22:29:15,241 INFO  [org.hornetq.core.server] (ServerService Thread Pool -- 68) HQ221020: Started Netty Acceptor version 3.6.10.Final-266dbdf 192.168.1.16:5455 for CORE protocol
22:29:15,582 INFO  [org.hornetq.core.server] (ServerService Thread Pool -- 68) HQ221007: Server is now live
22:29:15,584 INFO  [org.hornetq.core.server] (ServerService Thread Pool -- 68) HQ221001: HornetQ Server version 2.3.25.Final (2.3.x, 123) [4f0cfd2e-9374-11e7-a927-2f1c0dc748d0] 
22:29:16,041 INFO  [org.jboss.as.messaging] (ServerService Thread Pool -- 68) JBAS011601: Bound messaging object to jndi name java:jboss/exported/jms/RemoteConnectionFactory
22:29:16,468 INFO  [org.jboss.as.messaging] (ServerService Thread Pool -- 70) JBAS011601: Bound messaging object to jndi name java:/ConnectionFactory
22:29:16,477 INFO  [org.hornetq.core.server] (ServerService Thread Pool -- 69) HQ221003: trying to deploy queue jms.queue.DLQ
22:29:17,841 INFO  [org.jboss.as.messaging] (ServerService Thread Pool -- 69) JBAS011601: Bound messaging object to jndi name java:/jms/queue/DLQ
22:29:17,855 INFO  [org.hornetq.core.server] (ServerService Thread Pool -- 67) HQ221003: trying to deploy queue jms.queue.ExpiryQueue
22:29:17,973 INFO  [org.jboss.as.messaging] (ServerService Thread Pool -- 67) JBAS011601: Bound messaging object to jndi name java:/jms/queue/ExpiryQueue
22:29:18,824 INFO  [org.jboss.as.connector.deployment] (MSC service thread 1-2) JBAS010406: Registered connection factory java:/JmsXA
22:29:20,267 INFO  [org.hornetq.ra] (MSC service thread 1-2) HornetQ resource adaptor started
22:29:20,267 INFO  [org.jboss.as.connector.services.resourceadapters.ResourceAdapterActivatorService$ResourceAdapterActivator] (MSC service thread 1-2) IJ020002: Deployed: file://RaActivatorhornetq-ra
22:29:20,273 INFO  [org.jboss.as.connector.deployment] (MSC service thread 1-2) JBAS010401: Bound JCA ConnectionFactory [java:/JmsXA]
22:29:22,557 ERROR [org.hornetq.core.server] (Old I/O client worker ([id: 0x49d35c3e, /192.168.1.16:39204 => /192.168.1.20:5795])) HQ224066: Stopping ClusterManager. As it failed to authenticate with the cluster: HQ119099: Unable to authenticate cluster user: HORNETQ.CLUSTER.ADMIN.USER
22:29:22,750 INFO  [org.jboss.as] (Controller Boot Thread) JBAS015874: JBoss EAP 6.4.0.GA (AS 7.5.0.Final-redhat-21) started in 121194ms - Started 194 of 290 services (127 services are lazy, passive or on-demand)
22:29:24,061 INFO  [org.hornetq.core.server] (Thread-5 (HornetQ-server-HornetQServerImpl::serverUUID=4f0cfd2e-9374-11e7-a927-2f1c0dc748d0-1548642845)) HQ221029: stopped bridge sf.my-cluster.081ed3bc-9364-11e7-ad96-b752f6e2fa03
22:29:24,372 ERROR [org.hornetq.core.server] (Old I/O server worker (parentId: -1277200540, [id: 0xb3df7764, /192.168.1.16:5445])) HQ224018: Failed to create session: HornetQException[errorType=CLUSTER_SECURITY_EXCEPTION message=HQ119099: Unable to authenticate cluster user: HORNETQ.CLUSTER.ADMIN.USER]
	at org.hornetq.core.security.impl.SecurityStoreImpl.authenticate(SecurityStoreImpl.java:123) [hornetq-server-2.3.25.Final-redhat-1.jar:2.3.25.Final-redhat-1]
	at org.hornetq.core.server.impl.HornetQServerImpl.createSession(HornetQServerImpl.java:980) [hornetq-server-2.3.25.Final-redhat-1.jar:2.3.25.Final-redhat-1]
	at org.hornetq.core.protocol.core.impl.HornetQPacketHandler.handleCreateSession(HornetQPacketHandler.java:150) [hornetq-server-2.3.25.Final-redhat-1.jar:2.3.25.Final-redhat-1]
	at org.hornetq.core.protocol.core.impl.HornetQPacketHandler.handlePacket(HornetQPacketHandler.java:78) [hornetq-server-2.3.25.Final-redhat-1.jar:2.3.25.Final-redhat-1]
	at org.hornetq.core.protocol.core.impl.ChannelImpl.handlePacket(ChannelImpl.java:641) [hornetq-core-client-2.3.25.Final-redhat-1.jar:2.3.25.Final-redhat-1]
	at org.hornetq.core.protocol.core.impl.RemotingConnectionImpl.doBufferReceived(RemotingConnectionImpl.java:557) [hornetq-core-client-2.3.25.Final-redhat-1.jar:2.3.25.Final-redhat-1]
	at org.hornetq.core.protocol.core.impl.RemotingConnectionImpl.bufferReceived(RemotingConnectionImpl.java:533) [hornetq-core-client-2.3.25.Final-redhat-1.jar:2.3.25.Final-redhat-1]
	at org.hornetq.core.remoting.server.impl.RemotingServiceImpl$DelegatingBufferHandler.bufferReceived(RemotingServiceImpl.java:587) [hornetq-server-2.3.25.Final-redhat-1.jar:2.3.25.Final-redhat-1]
	at org.hornetq.core.remoting.impl.netty.HornetQChannelHandler.messageReceived(HornetQChannelHandler.java:72) [hornetq-core-client-2.3.25.Final-redhat-1.jar:2.3.25.Final-redhat-1]
	at org.jboss.netty.channel.SimpleChannelHandler.handleUpstream(SimpleChannelHandler.java:88) [netty-3.6.10.Final-redhat-1.jar:3.6.10.Final-redhat-1]
	at org.jboss.netty.channel.DefaultChannelPipeline.sendUpstream(DefaultChannelPipeline.java:564) [netty-3.6.10.Final-redhat-1.jar:3.6.10.Final-redhat-1]
	at org.jboss.netty.channel.DefaultChannelPipeline$DefaultChannelHandlerContext.sendUpstream(DefaultChannelPipeline.java:791) [netty-3.6.10.Final-redhat-1.jar:3.6.10.Final-redhat-1]
	at org.jboss.netty.channel.Channels.fireMessageReceived(Channels.java:281) [netty-3.6.10.Final-redhat-1.jar:3.6.10.Final-redhat-1]
	at org.hornetq.core.remoting.impl.netty.HornetQFrameDecoder2.decode(HornetQFrameDecoder2.java:169) [hornetq-core-client-2.3.25.Final-redhat-1.jar:2.3.25.Final-redhat-1]
	at org.hornetq.core.remoting.impl.netty.HornetQFrameDecoder2.messageReceived(HornetQFrameDecoder2.java:134) [hornetq-core-client-2.3.25.Final-redhat-1.jar:2.3.25.Final-redhat-1]
	at org.jboss.netty.channel.SimpleChannelUpstreamHandler.handleUpstream(SimpleChannelUpstreamHandler.java:70) [netty-3.6.10.Final-redhat-1.jar:3.6.10.Final-redhat-1]
	at org.jboss.netty.channel.DefaultChannelPipeline.sendUpstream(DefaultChannelPipeline.java:564) [netty-3.6.10.Final-redhat-1.jar:3.6.10.Final-redhat-1]
	at org.jboss.netty.channel.DefaultChannelPipeline.sendUpstream(DefaultChannelPipeline.java:559) [netty-3.6.10.Final-redhat-1.jar:3.6.10.Final-redhat-1]
	at org.jboss.netty.channel.Channels.fireMessageReceived(Channels.java:268) [netty-3.6.10.Final-redhat-1.jar:3.6.10.Final-redhat-1]
	at org.jboss.netty.channel.Channels.fireMessageReceived(Channels.java:255) [netty-3.6.10.Final-redhat-1.jar:3.6.10.Final-redhat-1]
	at org.jboss.netty.channel.socket.oio.OioWorker.process(OioWorker.java:71) [netty-3.6.10.Final-redhat-1.jar:3.6.10.Final-redhat-1]
	at org.jboss.netty.channel.socket.oio.AbstractOioWorker.run(AbstractOioWorker.java:73) [netty-3.6.10.Final-redhat-1.jar:3.6.10.Final-redhat-1]
	at org.jboss.netty.channel.socket.oio.OioWorker.run(OioWorker.java:51) [netty-3.6.10.Final-redhat-1.jar:3.6.10.Final-redhat-1]
	at org.jboss.netty.util.ThreadRenamingRunnable.run(ThreadRenamingRunnable.java:108) [netty-3.6.10.Final-redhat-1.jar:3.6.10.Final-redhat-1]
	at org.jboss.netty.util.internal.DeadLockProofWorker$1.run(DeadLockProofWorker.java:42) [netty-3.6.10.Final-redhat-1.jar:3.6.10.Final-redhat-1]
	at org.jboss.netty.util.VirtualExecutorService$ChildExecutorRunnable.run(VirtualExecutorService.java:175) [netty-3.6.10.Final-redhat-1.jar:3.6.10.Final-redhat-1]
	at java.util.concurrent.ThreadPoolExecutor.runWorker(ThreadPoolExecutor.java:1142) [rt.jar:1.8.0_131]
	at java.util.concurrent.ThreadPoolExecutor$Worker.run(ThreadPoolExecutor.java:617) [rt.jar:1.8.0_131]
	at java.lang.Thread.run(Thread.java:748) [rt.jar:1.8.0_131]

